<?xml version="1.0" encoding="UTF-8"?>
<coverage generated="1784657857180" clover="3.2.0">
  <project timestamp="1784657857180" name="All files">
    <metrics statements="24" coveredstatements="24" conditionals="24" coveredconditionals="22" methods="3" coveredmethods="3" elements="51" coveredelements="49" complexity="0" loc="24" ncloc="24" packages="1" files="1" classes="1"/>
    <file name="provenance.ts" path="/Users/yixingzhou/project/newkolmatrix/src/lib/data/provenance.ts">
      <metrics statements="24" coveredstatements="24" conditionals="24" coveredconditionals="22" methods="3" coveredmethods="3"/>
      <line num="20" count="1" type="stmt"/>
      <line num="30" count="1" type="stmt"/>
      <line num="34" count="1" type="stmt"/>
      <line num="43" count="1" type="stmt"/>
      <line num="59" count="1" type="stmt"/>
      <line num="85" count="17" type="cond" truecount="4" falsecount="0"/>
      <line num="86" count="9" type="stmt"/>
      <line num="87" count="9" type="cond" truecount="2" falsecount="0"/>
      <line num="88" count="3" type="cond" truecount="1" falsecount="1"/>
      <line num="89" count="3" type="stmt"/>
      <line num="90" count="3" type="stmt"/>
      <line num="98" count="3" type="stmt"/>
      <line num="100" count="6" type="stmt"/>
      <line num="119" count="10" type="cond" truecount="4" falsecount="0"/>
      <line num="120" count="7" type="cond" truecount="2" falsecount="0"/>
      <line num="121" count="3" type="cond" truecount="2" falsecount="0"/>
      <line num="123" count="4" type="stmt"/>
      <line num="148" count="6" type="stmt"/>
      <line num="153" count="6" type="stmt"/>
      <line num="154" count="6" type="cond" truecount="2" falsecount="0"/>
      <line num="156" count="5" type="stmt"/>
      <line num="161" count="5" type="cond" truecount="2" falsecount="0"/>
      <line num="162" count="2" type="stmt"/>
      <line num="170" count="3" type="stmt"/>
    </file>
  </project>
</coverage>
