<?xml version="1.0" encoding="UTF-8"?>
<coverage generated="1784660848641" clover="3.2.0">
  <project timestamp="1784660848641" name="All files">
    <metrics statements="103" coveredstatements="101" conditionals="100" coveredconditionals="95" methods="21" coveredmethods="21" elements="224" coveredelements="217" complexity="0" loc="103" ncloc="103" packages="2" files="4" classes="4"/>
    <package name="data">
      <metrics statements="24" coveredstatements="24" conditionals="24" coveredconditionals="22" methods="3" coveredmethods="3"/>
      <file name="provenance.ts" path="/Users/yixingzhou/project/newkolmatrix/src/lib/data/provenance.ts">
        <metrics statements="24" coveredstatements="24" conditionals="24" coveredconditionals="22" methods="3" coveredmethods="3"/>
        <line num="20" count="1" type="stmt"/>
        <line num="30" count="1" type="stmt"/>
        <line num="34" count="1" type="stmt"/>
        <line num="43" count="1" type="stmt"/>
        <line num="59" count="1" type="stmt"/>
        <line num="85" count="17" type="cond" truecount="4" falsecount="0"/>
        <line num="86" count="9" type="stmt"/>
        <line num="87" count="9" type="cond" truecount="2" falsecount="0"/>
        <line num="88" count="3" type="cond" truecount="1" falsecount="1"/>
        <line num="89" count="3" type="stmt"/>
        <line num="90" count="3" type="stmt"/>
        <line num="98" count="3" type="stmt"/>
        <line num="100" count="6" type="stmt"/>
        <line num="119" count="10" type="cond" truecount="4" falsecount="0"/>
        <line num="120" count="7" type="cond" truecount="2" falsecount="0"/>
        <line num="121" count="3" type="cond" truecount="2" falsecount="0"/>
        <line num="123" count="4" type="stmt"/>
        <line num="148" count="6" type="stmt"/>
        <line num="153" count="6" type="stmt"/>
        <line num="154" count="6" type="cond" truecount="2" falsecount="0"/>
        <line num="156" count="5" type="stmt"/>
        <line num="161" count="5" type="cond" truecount="2" falsecount="0"/>
        <line num="162" count="2" type="stmt"/>
        <line num="170" count="3" type="stmt"/>
      </file>
    </package>
    <package name="domain">
      <metrics statements="79" coveredstatements="77" conditionals="76" coveredconditionals="73" methods="18" coveredmethods="18"/>
      <file name="env-advance.ts" path="/Users/yixingzhou/project/newkolmatrix/src/lib/domain/env-advance.ts">
        <metrics statements="16" coveredstatements="15" conditionals="7" coveredconditionals="6" methods="1" coveredmethods="1"/>
        <line num="52" count="18" type="cond" truecount="1" falsecount="0"/>
        <line num="54" count="18" type="stmt"/>
        <line num="59" count="18" type="cond" truecount="2" falsecount="0"/>
        <line num="60" count="2" type="stmt"/>
        <line num="69" count="16" type="stmt"/>
        <line num="70" count="16" type="stmt"/>
        <line num="72" count="16" type="stmt"/>
        <line num="80" count="16" type="cond" truecount="2" falsecount="0"/>
        <line num="81" count="6" type="stmt"/>
        <line num="84" count="10" type="stmt"/>
        <line num="87" count="10" type="cond" truecount="1" falsecount="1"/>
        <line num="88" count="0" type="stmt"/>
        <line num="98" count="10" type="stmt"/>
        <line num="100" count="10" type="stmt"/>
        <line num="107" count="10" type="stmt"/>
        <line num="130" count="10" type="stmt"/>
      </file>
      <file name="env-guards.ts" path="/Users/yixingzhou/project/newkolmatrix/src/lib/domain/env-guards.ts">
        <metrics statements="28" coveredstatements="27" conditionals="27" coveredconditionals="26" methods="9" coveredmethods="9"/>
        <line num="55" count="34" type="stmt"/>
        <line num="56" count="37" type="stmt"/>
        <line num="63" count="517" type="stmt"/>
        <line num="74" count="81" type="stmt"/>
        <line num="75" count="81" type="stmt"/>
        <line num="76" count="81" type="cond" truecount="4" falsecount="0"/>
        <line num="77" count="79" type="stmt"/>
        <line num="87" count="35" type="cond" truecount="2" falsecount="0"/>
        <line num="88" count="1" type="stmt"/>
        <line num="90" count="34" type="stmt"/>
        <line num="91" count="34" type="cond" truecount="2" falsecount="0"/>
        <line num="94" count="33" type="cond" truecount="2" falsecount="0"/>
        <line num="95" count="22" type="stmt"/>
        <line num="108" count="31" type="cond" truecount="4" falsecount="1"/>
        <line num="111" count="0" type="stmt"/>
        <line num="114" count="15" type="cond" truecount="2" falsecount="0"/>
        <line num="117" count="6" type="stmt"/>
        <line num="120" count="5" type="stmt"/>
        <line num="123" count="5" type="stmt"/>
        <line num="134" count="36" type="cond" truecount="2" falsecount="0"/>
        <line num="135" count="2" type="stmt"/>
        <line num="137" count="34" type="stmt"/>
        <line num="138" count="34" type="cond" truecount="2" falsecount="0"/>
        <line num="139" count="31" type="stmt"/>
        <line num="144" count="48" type="stmt"/>
        <line num="145" count="48" type="cond" truecount="4" falsecount="0"/>
        <line num="146" count="44" type="stmt"/>
        <line num="154" count="63" type="cond" truecount="2" falsecount="0"/>
      </file>
      <file name="health.ts" path="/Users/yixingzhou/project/newkolmatrix/src/lib/domain/health.ts">
        <metrics statements="35" coveredstatements="35" conditionals="42" coveredconditionals="41" methods="8" coveredmethods="8"/>
        <line num="22" count="1" type="stmt"/>
        <line num="33" count="1" type="stmt"/>
        <line num="44" count="1" type="stmt"/>
        <line num="87" count="295" type="cond" truecount="1" falsecount="1"/>
        <line num="88" count="295" type="cond" truecount="4" falsecount="0"/>
        <line num="96" count="37" type="cond" truecount="2" falsecount="0"/>
        <line num="97" count="21" type="cond" truecount="2" falsecount="0"/>
        <line num="98" count="16" type="stmt"/>
        <line num="106" count="44" type="stmt"/>
        <line num="107" count="44" type="cond" truecount="4" falsecount="0"/>
        <line num="108" count="36" type="cond" truecount="2" falsecount="0"/>
        <line num="109" count="34" type="stmt"/>
        <line num="118" count="44" type="stmt"/>
        <line num="119" count="44" type="cond" truecount="4" falsecount="0"/>
        <line num="120" count="36" type="cond" truecount="2" falsecount="0"/>
        <line num="121" count="34" type="stmt"/>
        <line num="122" count="34" type="cond" truecount="2" falsecount="0"/>
        <line num="124" count="33" type="cond" truecount="5" falsecount="0"/>
        <line num="127" count="44" type="stmt"/>
        <line num="136" count="44" type="stmt"/>
        <line num="137" count="44" type="cond" truecount="4" falsecount="0"/>
        <line num="138" count="39" type="stmt"/>
        <line num="139" count="39" type="cond" truecount="2" falsecount="0"/>
        <line num="140" count="37" type="stmt"/>
        <line num="141" count="37" type="cond" truecount="2" falsecount="0"/>
        <line num="142" count="36" type="stmt"/>
        <line num="144" count="36" type="cond" truecount="5" falsecount="0"/>
        <line num="147" count="44" type="stmt"/>
        <line num="152" count="44" type="stmt"/>
        <line num="153" count="44" type="stmt"/>
        <line num="158" count="44" type="stmt"/>
        <line num="178" count="20" type="stmt"/>
        <line num="180" count="20" type="stmt"/>
        <line num="184" count="20" type="stmt"/>
        <line num="186" count="20" type="stmt"/>
      </file>
    </package>
  </project>
</coverage>
