{"/Users/yixingzhou/project/newkolmatrix/src/lib/data/provenance.ts": {"path":"/Users/yixingzhou/project/newkolmatrix/src/lib/data/provenance.ts","statementMap":{"0":{"start":{"line":20,"column":32},"end":{"line":27,"column":null}},"1":{"start":{"line":30,"column":32},"end":{"line":30,"column":null}},"2":{"start":{"line":34,"column":42},"end":{"line":39,"column":null}},"3":{"start":{"line":43,"column":37},"end":{"line":46,"column":null}},"4":{"start":{"line":59,"column":28},"end":{"line":66,"column":null}},"5":{"start":{"line":85,"column":2},"end":{"line":85,"column":null}},"6":{"start":{"line":85,"column":41},"end":{"line":85,"column":null}},"7":{"start":{"line":86,"column":17},"end":{"line":86,"column":null}},"8":{"start":{"line":87,"column":2},"end":{"line":99,"column":null}},"9":{"start":{"line":88,"column":4},"end":{"line":97,"column":null}},"10":{"start":{"line":89,"column":20},"end":{"line":89,"column":null}},"11":{"start":{"line":90,"column":6},"end":{"line":96,"column":null}},"12":{"start":{"line":98,"column":4},"end":{"line":98,"column":null}},"13":{"start":{"line":100,"column":2},"end":{"line":100,"column":null}},"14":{"start":{"line":119,"column":2},"end":{"line":119,"column":null}},"15":{"start":{"line":119,"column":45},"end":{"line":119,"column":null}},"16":{"start":{"line":120,"column":2},"end":{"line":122,"column":null}},"17":{"start":{"line":121,"column":4},"end":{"line":121,"column":null}},"18":{"start":{"line":123,"column":2},"end":{"line":123,"column":null}},"19":{"start":{"line":148,"column":13},"end":{"line":152,"column":null}},"20":{"start":{"line":153,"column":16},"end":{"line":153,"column":null}},"21":{"start":{"line":154,"column":2},"end":{"line":154,"column":null}},"22":{"start":{"line":154,"column":13},"end":{"line":154,"column":null}},"23":{"start":{"line":156,"column":14},"end":{"line":160,"column":null}},"24":{"start":{"line":161,"column":2},"end":{"line":168,"column":null}},"25":{"start":{"line":162,"column":4},"end":{"line":167,"column":null}},"26":{"start":{"line":170,"column":2},"end":{"line":175,"column":null}}},"fnMap":{"0":{"name":"readContractSlot","decl":{"start":{"line":80,"column":16},"end":{"line":80,"column":null}},"loc":{"start":{"line":84,"column":12},"end":{"line":101,"column":null}},"line":84},"1":{"name":"isPendingVerification","decl":{"start":{"line":115,"column":16},"end":{"line":115,"column":null}},"loc":{"start":{"line":118,"column":11},"end":{"line":124,"column":null}},"line":118},"2":{"name":"resolveProvenance","decl":{"start":{"line":144,"column":16},"end":{"line":144,"column":null}},"loc":{"start":{"line":147,"column":22},"end":{"line":176,"column":null}},"line":147}},"branchMap":{"0":{"loc":{"start":{"line":85,"column":2},"end":{"line":85,"column":null}},"type":"if","locations":[{"start":{"line":85,"column":2},"end":{"line":85,"column":null}},{"start":{},"end":{}}],"line":85},"1":{"loc":{"start":{"line":85,"column":6},"end":{"line":85,"column":41}},"type":"binary-expr","locations":[{"start":{"line":85,"column":6},"end":{"line":85,"column":22}},{"start":{"line":85,"column":22},"end":{"line":85,"column":41}}],"line":85},"2":{"loc":{"start":{"line":87,"column":2},"end":{"line":99,"column":null}},"type":"if","locations":[{"start":{"line":87,"column":2},"end":{"line":99,"column":null}},{"start":{},"end":{}}],"line":87},"3":{"loc":{"start":{"line":88,"column":4},"end":{"line":97,"column":null}},"type":"if","locations":[{"start":{"line":88,"column":4},"end":{"line":97,"column":null}},{"start":{},"end":{}}],"line":88},"4":{"loc":{"start":{"line":92,"column":10},"end":{"line":94,"column":null}},"type":"cond-expr","locations":[{"start":{"line":93,"column":14},"end":{"line":93,"column":null}},{"start":{"line":94,"column":14},"end":{"line":94,"column":null}}],"line":92},"5":{"loc":{"start":{"line":93,"column":17},"end":{"line":93,"column":50}},"type":"binary-expr","locations":[{"start":{"line":93,"column":17},"end":{"line":93,"column":41}},{"start":{"line":93,"column":41},"end":{"line":93,"column":50}}],"line":93},"6":{"loc":{"start":{"line":119,"column":2},"end":{"line":119,"column":null}},"type":"if","locations":[{"start":{"line":119,"column":2},"end":{"line":119,"column":null}},{"start":{},"end":{}}],"line":119},"7":{"loc":{"start":{"line":119,"column":6},"end":{"line":119,"column":45}},"type":"binary-expr","locations":[{"start":{"line":119,"column":6},"end":{"line":119,"column":24}},{"start":{"line":119,"column":24},"end":{"line":119,"column":45}}],"line":119},"8":{"loc":{"start":{"line":120,"column":2},"end":{"line":122,"column":null}},"type":"if","locations":[{"start":{"line":120,"column":2},"end":{"line":122,"column":null}},{"start":{},"end":{}}],"line":120},"9":{"loc":{"start":{"line":121,"column":11},"end":{"line":121,"column":null}},"type":"binary-expr","locations":[{"start":{"line":121,"column":11},"end":{"line":121,"column":35}},{"start":{"line":121,"column":35},"end":{"line":121,"column":null}}],"line":121},"10":{"loc":{"start":{"line":154,"column":2},"end":{"line":154,"column":null}},"type":"if","locations":[{"start":{"line":154,"column":2},"end":{"line":154,"column":null}},{"start":{},"end":{}}],"line":154},"11":{"loc":{"start":{"line":161,"column":2},"end":{"line":168,"column":null}},"type":"if","locations":[{"start":{"line":161,"column":2},"end":{"line":168,"column":null}},{"start":{},"end":{}}],"line":161}},"s":{"0":1,"1":1,"2":1,"3":1,"4":1,"5":17,"6":8,"7":9,"8":9,"9":3,"10":3,"11":3,"12":3,"13":6,"14":10,"15":3,"16":7,"17":3,"18":4,"19":6,"20":6,"21":6,"22":1,"23":5,"24":5,"25":2,"26":3},"f":{"0":17,"1":10,"2":6},"b":{"0":[8,9],"1":[17,10],"2":[3,6],"3":[3,0],"4":[3,0],"5":[3,2],"6":[3,7],"7":[10,8],"8":[3,4],"9":[3,2],"10":[1,5],"11":[2,3]},"meta":{"lastBranch":12,"lastFunction":3,"lastStatement":27,"seen":{"s:20:32:27:Infinity":0,"s:30:32:30:Infinity":1,"s:34:42:39:Infinity":2,"s:43:37:46:Infinity":3,"s:59:28:66:Infinity":4,"f:80:16:80:Infinity":0,"b:85:2:85:Infinity:undefined:undefined:undefined:undefined":0,"s:85:2:85:Infinity":5,"b:85:6:85:22:85:22:85:41":1,"s:85:41:85:Infinity":6,"s:86:17:86:Infinity":7,"b:87:2:99:Infinity:undefined:undefined:undefined:undefined":2,"s:87:2:99:Infinity":8,"b:88:4:97:Infinity:undefined:undefined:undefined:undefined":3,"s:88:4:97:Infinity":9,"s:89:20:89:Infinity":10,"s:90:6:96:Infinity":11,"b:93:14:93:Infinity:94:14:94:Infinity":4,"b:93:17:93:41:93:41:93:50":5,"s:98:4:98:Infinity":12,"s:100:2:100:Infinity":13,"f:115:16:115:Infinity":1,"b:119:2:119:Infinity:undefined:undefined:undefined:undefined":6,"s:119:2:119:Infinity":14,"b:119:6:119:24:119:24:119:45":7,"s:119:45:119:Infinity":15,"b:120:2:122:Infinity:undefined:undefined:undefined:undefined":8,"s:120:2:122:Infinity":16,"s:121:4:121:Infinity":17,"b:121:11:121:35:121:35:121:Infinity":9,"s:123:2:123:Infinity":18,"f:144:16:144:Infinity":2,"s:148:13:152:Infinity":19,"s:153:16:153:Infinity":20,"b:154:2:154:Infinity:undefined:undefined:undefined:undefined":10,"s:154:2:154:Infinity":21,"s:154:13:154:Infinity":22,"s:156:14:160:Infinity":23,"b:161:2:168:Infinity:undefined:undefined:undefined:undefined":11,"s:161:2:168:Infinity":24,"s:162:4:167:Infinity":25,"s:170:2:175:Infinity":26},"fnNames":{}}}
}
