{"/Users/yixingzhou/project/newkolmatrix/src/lib/data/provenance.ts": {"path":"/Users/yixingzhou/project/newkolmatrix/src/lib/data/provenance.ts","statementMap":{"0":{"start":{"line":20,"column":32},"end":{"line":27,"column":null}},"1":{"start":{"line":30,"column":32},"end":{"line":30,"column":null}},"2":{"start":{"line":34,"column":42},"end":{"line":39,"column":null}},"3":{"start":{"line":43,"column":37},"end":{"line":46,"column":null}},"4":{"start":{"line":59,"column":28},"end":{"line":66,"column":null}},"5":{"start":{"line":85,"column":2},"end":{"line":85,"column":null}},"6":{"start":{"line":85,"column":41},"end":{"line":85,"column":null}},"7":{"start":{"line":86,"column":17},"end":{"line":86,"column":null}},"8":{"start":{"line":87,"column":2},"end":{"line":99,"column":null}},"9":{"start":{"line":88,"column":4},"end":{"line":97,"column":null}},"10":{"start":{"line":89,"column":20},"end":{"line":89,"column":null}},"11":{"start":{"line":90,"column":6},"end":{"line":96,"column":null}},"12":{"start":{"line":98,"column":4},"end":{"line":98,"column":null}},"13":{"start":{"line":100,"column":2},"end":{"line":100,"column":null}},"14":{"start":{"line":119,"column":2},"end":{"line":119,"column":null}},"15":{"start":{"line":119,"column":45},"end":{"line":119,"column":null}},"16":{"start":{"line":120,"column":2},"end":{"line":122,"column":null}},"17":{"start":{"line":121,"column":4},"end":{"line":121,"column":null}},"18":{"start":{"line":123,"column":2},"end":{"line":123,"column":null}},"19":{"start":{"line":148,"column":13},"end":{"line":152,"column":null}},"20":{"start":{"line":153,"column":16},"end":{"line":153,"column":null}},"21":{"start":{"line":154,"column":2},"end":{"line":154,"column":null}},"22":{"start":{"line":154,"column":13},"end":{"line":154,"column":null}},"23":{"start":{"line":156,"column":14},"end":{"line":160,"column":null}},"24":{"start":{"line":161,"column":2},"end":{"line":168,"column":null}},"25":{"start":{"line":162,"column":4},"end":{"line":167,"column":null}},"26":{"start":{"line":170,"column":2},"end":{"line":175,"column":null}}},"fnMap":{"0":{"name":"readContractSlot","decl":{"start":{"line":80,"column":16},"end":{"line":80,"column":null}},"loc":{"start":{"line":84,"column":12},"end":{"line":101,"column":null}},"line":84},"1":{"name":"isPendingVerification","decl":{"start":{"line":115,"column":16},"end":{"line":115,"column":null}},"loc":{"start":{"line":118,"column":11},"end":{"line":124,"column":null}},"line":118},"2":{"name":"resolveProvenance","decl":{"start":{"line":144,"column":16},"end":{"line":144,"column":null}},"loc":{"start":{"line":147,"column":22},"end":{"line":176,"column":null}},"line":147}},"branchMap":{"0":{"loc":{"start":{"line":85,"column":2},"end":{"line":85,"column":null}},"type":"if","locations":[{"start":{"line":85,"column":2},"end":{"line":85,"column":null}},{"start":{},"end":{}}],"line":85},"1":{"loc":{"start":{"line":85,"column":6},"end":{"line":85,"column":41}},"type":"binary-expr","locations":[{"start":{"line":85,"column":6},"end":{"line":85,"column":22}},{"start":{"line":85,"column":22},"end":{"line":85,"column":41}}],"line":85},"2":{"loc":{"start":{"line":87,"column":2},"end":{"line":99,"column":null}},"type":"if","locations":[{"start":{"line":87,"column":2},"end":{"line":99,"column":null}},{"start":{},"end":{}}],"line":87},"3":{"loc":{"start":{"line":88,"column":4},"end":{"line":97,"column":null}},"type":"if","locations":[{"start":{"line":88,"column":4},"end":{"line":97,"column":null}},{"start":{},"end":{}}],"line":88},"4":{"loc":{"start":{"line":92,"column":10},"end":{"line":94,"column":null}},"type":"cond-expr","locations":[{"start":{"line":93,"column":14},"end":{"line":93,"column":null}},{"start":{"line":94,"column":14},"end":{"line":94,"column":null}}],"line":92},"5":{"loc":{"start":{"line":93,"column":17},"end":{"line":93,"column":50}},"type":"binary-expr","locations":[{"start":{"line":93,"column":17},"end":{"line":93,"column":41}},{"start":{"line":93,"column":41},"end":{"line":93,"column":50}}],"line":93},"6":{"loc":{"start":{"line":119,"column":2},"end":{"line":119,"column":null}},"type":"if","locations":[{"start":{"line":119,"column":2},"end":{"line":119,"column":null}},{"start":{},"end":{}}],"line":119},"7":{"loc":{"start":{"line":119,"column":6},"end":{"line":119,"column":45}},"type":"binary-expr","locations":[{"start":{"line":119,"column":6},"end":{"line":119,"column":24}},{"start":{"line":119,"column":24},"end":{"line":119,"column":45}}],"line":119},"8":{"loc":{"start":{"line":120,"column":2},"end":{"line":122,"column":null}},"type":"if","locations":[{"start":{"line":120,"column":2},"end":{"line":122,"column":null}},{"start":{},"end":{}}],"line":120},"9":{"loc":{"start":{"line":121,"column":11},"end":{"line":121,"column":null}},"type":"binary-expr","locations":[{"start":{"line":121,"column":11},"end":{"line":121,"column":35}},{"start":{"line":121,"column":35},"end":{"line":121,"column":null}}],"line":121},"10":{"loc":{"start":{"line":154,"column":2},"end":{"line":154,"column":null}},"type":"if","locations":[{"start":{"line":154,"column":2},"end":{"line":154,"column":null}},{"start":{},"end":{}}],"line":154},"11":{"loc":{"start":{"line":161,"column":2},"end":{"line":168,"column":null}},"type":"if","locations":[{"start":{"line":161,"column":2},"end":{"line":168,"column":null}},{"start":{},"end":{}}],"line":161}},"s":{"0":1,"1":1,"2":1,"3":1,"4":1,"5":17,"6":8,"7":9,"8":9,"9":3,"10":3,"11":3,"12":3,"13":6,"14":10,"15":3,"16":7,"17":3,"18":4,"19":6,"20":6,"21":6,"22":1,"23":5,"24":5,"25":2,"26":3},"f":{"0":17,"1":10,"2":6},"b":{"0":[8,9],"1":[17,10],"2":[3,6],"3":[3,0],"4":[3,0],"5":[3,2],"6":[3,7],"7":[10,8],"8":[3,4],"9":[3,2],"10":[1,5],"11":[2,3]},"meta":{"lastBranch":12,"lastFunction":3,"lastStatement":27,"seen":{"s:20:32:27:Infinity":0,"s:30:32:30:Infinity":1,"s:34:42:39:Infinity":2,"s:43:37:46:Infinity":3,"s:59:28:66:Infinity":4,"f:80:16:80:Infinity":0,"b:85:2:85:Infinity:undefined:undefined:undefined:undefined":0,"s:85:2:85:Infinity":5,"b:85:6:85:22:85:22:85:41":1,"s:85:41:85:Infinity":6,"s:86:17:86:Infinity":7,"b:87:2:99:Infinity:undefined:undefined:undefined:undefined":2,"s:87:2:99:Infinity":8,"b:88:4:97:Infinity:undefined:undefined:undefined:undefined":3,"s:88:4:97:Infinity":9,"s:89:20:89:Infinity":10,"s:90:6:96:Infinity":11,"b:93:14:93:Infinity:94:14:94:Infinity":4,"b:93:17:93:41:93:41:93:50":5,"s:98:4:98:Infinity":12,"s:100:2:100:Infinity":13,"f:115:16:115:Infinity":1,"b:119:2:119:Infinity:undefined:undefined:undefined:undefined":6,"s:119:2:119:Infinity":14,"b:119:6:119:24:119:24:119:45":7,"s:119:45:119:Infinity":15,"b:120:2:122:Infinity:undefined:undefined:undefined:undefined":8,"s:120:2:122:Infinity":16,"s:121:4:121:Infinity":17,"b:121:11:121:35:121:35:121:Infinity":9,"s:123:2:123:Infinity":18,"f:144:16:144:Infinity":2,"s:148:13:152:Infinity":19,"s:153:16:153:Infinity":20,"b:154:2:154:Infinity:undefined:undefined:undefined:undefined":10,"s:154:2:154:Infinity":21,"s:154:13:154:Infinity":22,"s:156:14:160:Infinity":23,"b:161:2:168:Infinity:undefined:undefined:undefined:undefined":11,"s:161:2:168:Infinity":24,"s:162:4:167:Infinity":25,"s:170:2:175:Infinity":26},"fnNames":{}}}
,"/Users/yixingzhou/project/newkolmatrix/src/lib/domain/env-advance.ts": {"path":"/Users/yixingzhou/project/newkolmatrix/src/lib/domain/env-advance.ts","statementMap":{"0":{"start":{"line":52,"column":58},"end":{"line":52,"column":null}},"1":{"start":{"line":54,"column":18},"end":{"line":57,"column":null}},"2":{"start":{"line":59,"column":2},"end":{"line":67,"column":null}},"3":{"start":{"line":60,"column":4},"end":{"line":66,"column":null}},"4":{"start":{"line":69,"column":14},"end":{"line":69,"column":null}},"5":{"start":{"line":70,"column":21},"end":{"line":70,"column":null}},"6":{"start":{"line":72,"column":16},"end":{"line":76,"column":null}},"7":{"start":{"line":80,"column":2},"end":{"line":82,"column":null}},"8":{"start":{"line":81,"column":4},"end":{"line":81,"column":null}},"9":{"start":{"line":84,"column":13},"end":{"line":84,"column":null}},"10":{"start":{"line":87,"column":2},"end":{"line":95,"column":null}},"11":{"start":{"line":88,"column":4},"end":{"line":94,"column":null}},"12":{"start":{"line":98,"column":26},"end":{"line":98,"column":null}},"13":{"start":{"line":100,"column":18},"end":{"line":105,"column":null}},"14":{"start":{"line":107,"column":18},"end":{"line":128,"column":null}},"15":{"start":{"line":130,"column":2},"end":{"line":136,"column":null}}},"fnMap":{"0":{"name":"advanceStage","decl":{"start":{"line":49,"column":22},"end":{"line":49,"column":null}},"loc":{"start":{"line":51,"column":26},"end":{"line":137,"column":null}},"line":51}},"branchMap":{"0":{"loc":{"start":{"line":52,"column":31},"end":{"line":52,"column":58}},"type":"default-arg","locations":[{"start":{"line":52,"column":39},"end":{"line":52,"column":58}}],"line":52},"1":{"loc":{"start":{"line":59,"column":2},"end":{"line":67,"column":null}},"type":"if","locations":[{"start":{"line":59,"column":2},"end":{"line":67,"column":null}},{"start":{},"end":{}}],"line":59},"2":{"loc":{"start":{"line":80,"column":2},"end":{"line":82,"column":null}},"type":"if","locations":[{"start":{"line":80,"column":2},"end":{"line":82,"column":null}},{"start":{},"end":{}}],"line":80},"3":{"loc":{"start":{"line":87,"column":2},"end":{"line":95,"column":null}},"type":"if","locations":[{"start":{"line":87,"column":2},"end":{"line":95,"column":null}},{"start":{},"end":{}}],"line":87}},"s":{"0":18,"1":18,"2":18,"3":2,"4":16,"5":16,"6":16,"7":16,"8":6,"9":10,"10":10,"11":0,"12":10,"13":10,"14":10,"15":10},"f":{"0":18},"b":{"0":[18],"1":[2,16],"2":[6,10],"3":[0,10]},"meta":{"lastBranch":4,"lastFunction":1,"lastStatement":16,"seen":{"f:49:22:49:Infinity":0,"s:52:58:52:Infinity":0,"b:52:39:52:58":0,"s:54:18:57:Infinity":1,"b:59:2:67:Infinity:undefined:undefined:undefined:undefined":1,"s:59:2:67:Infinity":2,"s:60:4:66:Infinity":3,"s:69:14:69:Infinity":4,"s:70:21:70:Infinity":5,"s:72:16:76:Infinity":6,"b:80:2:82:Infinity:undefined:undefined:undefined:undefined":2,"s:80:2:82:Infinity":7,"s:81:4:81:Infinity":8,"s:84:13:84:Infinity":9,"b:87:2:95:Infinity:undefined:undefined:undefined:undefined":3,"s:87:2:95:Infinity":10,"s:88:4:94:Infinity":11,"s:98:26:98:Infinity":12,"s:100:18:105:Infinity":13,"s:107:18:128:Infinity":14,"s:130:2:136:Infinity":15},"fnNames":{}}}
,"/Users/yixingzhou/project/newkolmatrix/src/lib/domain/env-guards.ts": {"path":"/Users/yixingzhou/project/newkolmatrix/src/lib/domain/env-guards.ts","statementMap":{"0":{"start":{"line":55,"column":6},"end":{"line":55,"column":null}},"1":{"start":{"line":55,"column":37},"end":{"line":55,"column":null}},"2":{"start":{"line":56,"column":6},"end":{"line":59,"column":null}},"3":{"start":{"line":56,"column":58},"end":{"line":59,"column":null}},"4":{"start":{"line":63,"column":2},"end":{"line":63,"column":null}},"5":{"start":{"line":74,"column":12},"end":{"line":74,"column":null}},"6":{"start":{"line":75,"column":12},"end":{"line":75,"column":null}},"7":{"start":{"line":76,"column":2},"end":{"line":76,"column":null}},"8":{"start":{"line":76,"column":22},"end":{"line":76,"column":null}},"9":{"start":{"line":77,"column":2},"end":{"line":77,"column":null}},"10":{"start":{"line":87,"column":2},"end":{"line":89,"column":null}},"11":{"start":{"line":88,"column":4},"end":{"line":88,"column":null}},"12":{"start":{"line":90,"column":12},"end":{"line":90,"column":null}},"13":{"start":{"line":91,"column":2},"end":{"line":91,"column":null}},"14":{"start":{"line":91,"column":13},"end":{"line":91,"column":null}},"15":{"start":{"line":94,"column":2},"end":{"line":94,"column":null}},"16":{"start":{"line":94,"column":38},"end":{"line":94,"column":null}},"17":{"start":{"line":95,"column":2},"end":{"line":95,"column":null}},"18":{"start":{"line":108,"column":2},"end":{"line":124,"column":null}},"19":{"start":{"line":111,"column":6},"end":{"line":111,"column":null}},"20":{"start":{"line":114,"column":6},"end":{"line":114,"column":null}},"21":{"start":{"line":117,"column":6},"end":{"line":117,"column":null}},"22":{"start":{"line":120,"column":6},"end":{"line":120,"column":null}},"23":{"start":{"line":123,"column":6},"end":{"line":123,"column":null}},"24":{"start":{"line":134,"column":2},"end":{"line":136,"column":null}},"25":{"start":{"line":135,"column":4},"end":{"line":135,"column":null}},"26":{"start":{"line":137,"column":15},"end":{"line":137,"column":null}},"27":{"start":{"line":138,"column":2},"end":{"line":138,"column":null}},"28":{"start":{"line":138,"column":20},"end":{"line":138,"column":null}},"29":{"start":{"line":139,"column":2},"end":{"line":139,"column":null}},"30":{"start":{"line":144,"column":12},"end":{"line":144,"column":null}},"31":{"start":{"line":145,"column":2},"end":{"line":145,"column":null}},"32":{"start":{"line":145,"column":39},"end":{"line":145,"column":null}},"33":{"start":{"line":146,"column":2},"end":{"line":146,"column":null}},"34":{"start":{"line":154,"column":2},"end":{"line":154,"column":null}}},"fnMap":{"0":{"name":"(anonymous_0)","decl":{"start":{"line":55,"column":6},"end":{"line":55,"column":37}},"loc":{"start":{"line":55,"column":37},"end":{"line":55,"column":null}},"line":55},"1":{"name":"(anonymous_1)","decl":{"start":{"line":56,"column":6},"end":{"line":56,"column":14}},"loc":{"start":{"line":56,"column":58},"end":{"line":59,"column":null}},"line":56},"2":{"name":"stageIndex","decl":{"start":{"line":62,"column":16},"end":{"line":62,"column":27}},"loc":{"start":{"line":62,"column":49},"end":{"line":64,"column":null}},"line":62},"3":{"name":"isStageInvariantHeld","decl":{"start":{"line":73,"column":16},"end":{"line":73,"column":37}},"loc":{"start":{"line":73,"column":77},"end":{"line":78,"column":null}},"line":73},"4":{"name":"canEnter","decl":{"start":{"line":86,"column":16},"end":{"line":86,"column":25}},"loc":{"start":{"line":86,"column":78},"end":{"line":96,"column":null}},"line":86},"5":{"name":"transitionGuard","decl":{"start":{"line":104,"column":9},"end":{"line":104,"column":null}},"loc":{"start":{"line":107,"column":18},"end":{"line":125,"column":null}},"line":107},"6":{"name":"canAdvance","decl":{"start":{"line":133,"column":16},"end":{"line":133,"column":27}},"loc":{"start":{"line":133,"column":65},"end":{"line":140,"column":null}},"line":133},"7":{"name":"nextStage","decl":{"start":{"line":143,"column":16},"end":{"line":143,"column":26}},"loc":{"start":{"line":143,"column":52},"end":{"line":147,"column":null}},"line":143},"8":{"name":"raiseMaxReached","decl":{"start":{"line":153,"column":16},"end":{"line":153,"column":32}},"loc":{"start":{"line":153,"column":73},"end":{"line":155,"column":null}},"line":153}},"branchMap":{"0":{"loc":{"start":{"line":76,"column":2},"end":{"line":76,"column":null}},"type":"if","locations":[{"start":{"line":76,"column":2},"end":{"line":76,"column":null}},{"start":{},"end":{}}],"line":76},"1":{"loc":{"start":{"line":76,"column":6},"end":{"line":76,"column":22}},"type":"binary-expr","locations":[{"start":{"line":76,"column":6},"end":{"line":76,"column":15}},{"start":{"line":76,"column":15},"end":{"line":76,"column":22}}],"line":76},"2":{"loc":{"start":{"line":87,"column":2},"end":{"line":89,"column":null}},"type":"if","locations":[{"start":{"line":87,"column":2},"end":{"line":89,"column":null}},{"start":{},"end":{}}],"line":87},"3":{"loc":{"start":{"line":91,"column":2},"end":{"line":91,"column":null}},"type":"if","locations":[{"start":{"line":91,"column":2},"end":{"line":91,"column":null}},{"start":{},"end":{}}],"line":91},"4":{"loc":{"start":{"line":94,"column":2},"end":{"line":94,"column":null}},"type":"if","locations":[{"start":{"line":94,"column":2},"end":{"line":94,"column":null}},{"start":{},"end":{}}],"line":94},"5":{"loc":{"start":{"line":108,"column":2},"end":{"line":124,"column":null}},"type":"switch","locations":[{"start":{"line":109,"column":4},"end":{"line":111,"column":null}},{"start":{"line":112,"column":4},"end":{"line":114,"column":null}},{"start":{"line":115,"column":4},"end":{"line":117,"column":null}},{"start":{"line":118,"column":4},"end":{"line":120,"column":null}},{"start":{"line":121,"column":4},"end":{"line":123,"column":null}}],"line":108},"6":{"loc":{"start":{"line":114,"column":13},"end":{"line":114,"column":null}},"type":"cond-expr","locations":[{"start":{"line":114,"column":32},"end":{"line":114,"column":67}},{"start":{"line":114,"column":67},"end":{"line":114,"column":null}}],"line":114},"7":{"loc":{"start":{"line":134,"column":2},"end":{"line":136,"column":null}},"type":"if","locations":[{"start":{"line":134,"column":2},"end":{"line":136,"column":null}},{"start":{},"end":{}}],"line":134},"8":{"loc":{"start":{"line":138,"column":2},"end":{"line":138,"column":null}},"type":"if","locations":[{"start":{"line":138,"column":2},"end":{"line":138,"column":null}},{"start":{},"end":{}}],"line":138},"9":{"loc":{"start":{"line":145,"column":2},"end":{"line":145,"column":null}},"type":"if","locations":[{"start":{"line":145,"column":2},"end":{"line":145,"column":null}},{"start":{},"end":{}}],"line":145},"10":{"loc":{"start":{"line":145,"column":6},"end":{"line":145,"column":39}},"type":"binary-expr","locations":[{"start":{"line":145,"column":6},"end":{"line":145,"column":15}},{"start":{"line":145,"column":15},"end":{"line":145,"column":39}}],"line":145},"11":{"loc":{"start":{"line":154,"column":9},"end":{"line":154,"column":null}},"type":"cond-expr","locations":[{"start":{"line":154,"column":55},"end":{"line":154,"column":64}},{"start":{"line":154,"column":64},"end":{"line":154,"column":null}}],"line":154}},"s":{"0":2,"1":34,"2":2,"3":37,"4":517,"5":81,"6":81,"7":81,"8":2,"9":79,"10":35,"11":1,"12":34,"13":34,"14":1,"15":33,"16":11,"17":22,"18":31,"19":0,"20":15,"21":6,"22":5,"23":5,"24":36,"25":2,"26":34,"27":34,"28":3,"29":31,"30":48,"31":48,"32":4,"33":44,"34":63},"f":{"0":34,"1":37,"2":517,"3":81,"4":35,"5":31,"6":36,"7":48,"8":63},"b":{"0":[2,79],"1":[81,80],"2":[1,34],"3":[1,33],"4":[11,22],"5":[0,15,6,5,5],"6":[3,12],"7":[2,34],"8":[3,31],"9":[4,44],"10":[48,48],"11":[28,35]},"meta":{"lastBranch":12,"lastFunction":9,"lastStatement":35,"seen":{"s:55:6:55:Infinity":0,"f:55:6:55:37":0,"s:55:37:55:Infinity":1,"s:56:6:59:Infinity":2,"f:56:6:56:14":1,"s:56:58:59:Infinity":3,"f:62:16:62:27":2,"s:63:2:63:Infinity":4,"f:73:16:73:37":3,"s:74:12:74:Infinity":5,"s:75:12:75:Infinity":6,"b:76:2:76:Infinity:undefined:undefined:undefined:undefined":0,"s:76:2:76:Infinity":7,"b:76:6:76:15:76:15:76:22":1,"s:76:22:76:Infinity":8,"s:77:2:77:Infinity":9,"f:86:16:86:25":4,"b:87:2:89:Infinity:undefined:undefined:undefined:undefined":2,"s:87:2:89:Infinity":10,"s:88:4:88:Infinity":11,"s:90:12:90:Infinity":12,"b:91:2:91:Infinity:undefined:undefined:undefined:undefined":3,"s:91:2:91:Infinity":13,"s:91:13:91:Infinity":14,"b:94:2:94:Infinity:undefined:undefined:undefined:undefined":4,"s:94:2:94:Infinity":15,"s:94:38:94:Infinity":16,"s:95:2:95:Infinity":17,"f:104:9:104:Infinity":5,"b:109:4:111:Infinity:112:4:114:Infinity:115:4:117:Infinity:118:4:120:Infinity:121:4:123:Infinity":5,"s:108:2:124:Infinity":18,"s:111:6:111:Infinity":19,"s:114:6:114:Infinity":20,"b:114:32:114:67:114:67:114:Infinity":6,"s:117:6:117:Infinity":21,"s:120:6:120:Infinity":22,"s:123:6:123:Infinity":23,"f:133:16:133:27":6,"b:134:2:136:Infinity:undefined:undefined:undefined:undefined":7,"s:134:2:136:Infinity":24,"s:135:4:135:Infinity":25,"s:137:15:137:Infinity":26,"b:138:2:138:Infinity:undefined:undefined:undefined:undefined":8,"s:138:2:138:Infinity":27,"s:138:20:138:Infinity":28,"s:139:2:139:Infinity":29,"f:143:16:143:26":7,"s:144:12:144:Infinity":30,"b:145:2:145:Infinity:undefined:undefined:undefined:undefined":9,"s:145:2:145:Infinity":31,"b:145:6:145:15:145:15:145:39":10,"s:145:39:145:Infinity":32,"s:146:2:146:Infinity":33,"f:153:16:153:32":8,"s:154:2:154:Infinity":34,"b:154:55:154:64:154:64:154:Infinity":11},"fnNames":{}}}
,"/Users/yixingzhou/project/newkolmatrix/src/lib/domain/health.ts": {"path":"/Users/yixingzhou/project/newkolmatrix/src/lib/domain/health.ts","statementMap":{"0":{"start":{"line":22,"column":33},"end":{"line":27,"column":null}},"1":{"start":{"line":33,"column":30},"end":{"line":38,"column":null}},"2":{"start":{"line":44,"column":34},"end":{"line":44,"column":null}},"3":{"start":{"line":87,"column":2},"end":{"line":87,"column":null}},"4":{"start":{"line":87,"column":27},"end":{"line":87,"column":null}},"5":{"start":{"line":88,"column":2},"end":{"line":88,"column":null}},"6":{"start":{"line":96,"column":2},"end":{"line":96,"column":null}},"7":{"start":{"line":96,"column":37},"end":{"line":96,"column":null}},"8":{"start":{"line":97,"column":2},"end":{"line":97,"column":null}},"9":{"start":{"line":97,"column":37},"end":{"line":97,"column":null}},"10":{"start":{"line":98,"column":2},"end":{"line":98,"column":null}},"11":{"start":{"line":106,"column":45},"end":{"line":106,"column":null}},"12":{"start":{"line":107,"column":2},"end":{"line":107,"column":null}},"13":{"start":{"line":107,"column":56},"end":{"line":107,"column":null}},"14":{"start":{"line":108,"column":2},"end":{"line":108,"column":null}},"15":{"start":{"line":108,"column":27},"end":{"line":108,"column":null}},"16":{"start":{"line":109,"column":2},"end":{"line":109,"column":null}},"17":{"start":{"line":118,"column":71},"end":{"line":118,"column":null}},"18":{"start":{"line":119,"column":2},"end":{"line":119,"column":null}},"19":{"start":{"line":119,"column":50},"end":{"line":119,"column":null}},"20":{"start":{"line":120,"column":2},"end":{"line":120,"column":null}},"21":{"start":{"line":120,"column":24},"end":{"line":120,"column":null}},"22":{"start":{"line":121,"column":21},"end":{"line":121,"column":null}},"23":{"start":{"line":122,"column":2},"end":{"line":122,"column":null}},"24":{"start":{"line":122,"column":24},"end":{"line":122,"column":null}},"25":{"start":{"line":124,"column":4},"end":{"line":126,"column":null}},"26":{"start":{"line":127,"column":2},"end":{"line":127,"column":null}},"27":{"start":{"line":136,"column":74},"end":{"line":136,"column":null}},"28":{"start":{"line":137,"column":2},"end":{"line":137,"column":null}},"29":{"start":{"line":137,"column":48},"end":{"line":137,"column":null}},"30":{"start":{"line":138,"column":15},"end":{"line":138,"column":null}},"31":{"start":{"line":139,"column":2},"end":{"line":139,"column":null}},"32":{"start":{"line":139,"column":17},"end":{"line":139,"column":null}},"33":{"start":{"line":140,"column":18},"end":{"line":140,"column":null}},"34":{"start":{"line":141,"column":2},"end":{"line":141,"column":null}},"35":{"start":{"line":141,"column":20},"end":{"line":141,"column":null}},"36":{"start":{"line":142,"column":20},"end":{"line":142,"column":null}},"37":{"start":{"line":144,"column":4},"end":{"line":146,"column":null}},"38":{"start":{"line":147,"column":2},"end":{"line":147,"column":null}},"39":{"start":{"line":152,"column":12},"end":{"line":152,"column":null}},"40":{"start":{"line":153,"column":2},"end":{"line":153,"column":null}},"41":{"start":{"line":158,"column":2},"end":{"line":163,"column":null}},"42":{"start":{"line":178,"column":12},"end":{"line":178,"column":null}},"43":{"start":{"line":180,"column":4},"end":{"line":183,"column":null}},"44":{"start":{"line":184,"column":16},"end":{"line":184,"column":null}},"45":{"start":{"line":186,"column":2},"end":{"line":186,"column":null}}},"fnMap":{"0":{"name":"clamp01","decl":{"start":{"line":86,"column":9},"end":{"line":86,"column":17}},"loc":{"start":{"line":86,"column":36},"end":{"line":89,"column":null}},"line":86},"1":{"name":"resolveBand","decl":{"start":{"line":95,"column":16},"end":{"line":95,"column":28}},"loc":{"start":{"line":95,"column":55},"end":{"line":99,"column":null}},"line":95},"2":{"name":"exposureScore","decl":{"start":{"line":105,"column":9},"end":{"line":105,"column":23}},"loc":{"start":{"line":105,"column":51},"end":{"line":110,"column":null}},"line":105},"3":{"name":"budgetScore","decl":{"start":{"line":117,"column":9},"end":{"line":117,"column":21}},"loc":{"start":{"line":117,"column":49},"end":{"line":128,"column":null}},"line":117},"4":{"name":"timeScore","decl":{"start":{"line":135,"column":9},"end":{"line":135,"column":19}},"loc":{"start":{"line":135,"column":47},"end":{"line":148,"column":null}},"line":135},"5":{"name":"blockerScore","decl":{"start":{"line":151,"column":9},"end":{"line":151,"column":22}},"loc":{"start":{"line":151,"column":50},"end":{"line":154,"column":null}},"line":151},"6":{"name":"computeHealthBreakdown","decl":{"start":{"line":157,"column":16},"end":{"line":157,"column":39}},"loc":{"start":{"line":157,"column":76},"end":{"line":164,"column":null}},"line":157},"7":{"name":"computeHealth","decl":{"start":{"line":177,"column":16},"end":{"line":177,"column":30}},"loc":{"start":{"line":177,"column":64},"end":{"line":187,"column":null}},"line":177}},"branchMap":{"0":{"loc":{"start":{"line":87,"column":2},"end":{"line":87,"column":null}},"type":"if","locations":[{"start":{"line":87,"column":2},"end":{"line":87,"column":null}},{"start":{},"end":{}}],"line":87},"1":{"loc":{"start":{"line":88,"column":9},"end":{"line":88,"column":null}},"type":"cond-expr","locations":[{"start":{"line":88,"column":17},"end":{"line":88,"column":21}},{"start":{"line":88,"column":21},"end":{"line":88,"column":null}}],"line":88},"2":{"loc":{"start":{"line":88,"column":21},"end":{"line":88,"column":null}},"type":"cond-expr","locations":[{"start":{"line":88,"column":29},"end":{"line":88,"column":33}},{"start":{"line":88,"column":33},"end":{"line":88,"column":null}}],"line":88},"3":{"loc":{"start":{"line":96,"column":2},"end":{"line":96,"column":null}},"type":"if","locations":[{"start":{"line":96,"column":2},"end":{"line":96,"column":null}},{"start":{},"end":{}}],"line":96},"4":{"loc":{"start":{"line":97,"column":2},"end":{"line":97,"column":null}},"type":"if","locations":[{"start":{"line":97,"column":2},"end":{"line":97,"column":null}},{"start":{},"end":{}}],"line":97},"5":{"loc":{"start":{"line":107,"column":2},"end":{"line":107,"column":null}},"type":"if","locations":[{"start":{"line":107,"column":2},"end":{"line":107,"column":null}},{"start":{},"end":{}}],"line":107},"6":{"loc":{"start":{"line":107,"column":6},"end":{"line":107,"column":56}},"type":"binary-expr","locations":[{"start":{"line":107,"column":6},"end":{"line":107,"column":32}},{"start":{"line":107,"column":32},"end":{"line":107,"column":56}}],"line":107},"7":{"loc":{"start":{"line":108,"column":2},"end":{"line":108,"column":null}},"type":"if","locations":[{"start":{"line":108,"column":2},"end":{"line":108,"column":null}},{"start":{},"end":{}}],"line":108},"8":{"loc":{"start":{"line":119,"column":2},"end":{"line":119,"column":null}},"type":"if","locations":[{"start":{"line":119,"column":2},"end":{"line":119,"column":null}},{"start":{},"end":{}}],"line":119},"9":{"loc":{"start":{"line":119,"column":6},"end":{"line":119,"column":50}},"type":"binary-expr","locations":[{"start":{"line":119,"column":6},"end":{"line":119,"column":29}},{"start":{"line":119,"column":29},"end":{"line":119,"column":50}}],"line":119},"10":{"loc":{"start":{"line":120,"column":2},"end":{"line":120,"column":null}},"type":"if","locations":[{"start":{"line":120,"column":2},"end":{"line":120,"column":null}},{"start":{},"end":{}}],"line":120},"11":{"loc":{"start":{"line":122,"column":2},"end":{"line":122,"column":null}},"type":"if","locations":[{"start":{"line":122,"column":2},"end":{"line":122,"column":null}},{"start":{},"end":{}}],"line":122},"12":{"loc":{"start":{"line":124,"column":4},"end":{"line":126,"column":null}},"type":"cond-expr","locations":[{"start":{"line":125,"column":8},"end":{"line":125,"column":null}},{"start":{"line":126,"column":8},"end":{"line":126,"column":null}}],"line":124},"13":{"loc":{"start":{"line":124,"column":4},"end":{"line":124,"column":null}},"type":"binary-expr","locations":[{"start":{"line":124,"column":4},"end":{"line":124,"column":30}},{"start":{"line":124,"column":30},"end":{"line":124,"column":56}},{"start":{"line":124,"column":56},"end":{"line":124,"column":null}}],"line":124},"14":{"loc":{"start":{"line":137,"column":2},"end":{"line":137,"column":null}},"type":"if","locations":[{"start":{"line":137,"column":2},"end":{"line":137,"column":null}},{"start":{},"end":{}}],"line":137},"15":{"loc":{"start":{"line":137,"column":6},"end":{"line":137,"column":48}},"type":"binary-expr","locations":[{"start":{"line":137,"column":6},"end":{"line":137,"column":29}},{"start":{"line":137,"column":29},"end":{"line":137,"column":48}}],"line":137},"16":{"loc":{"start":{"line":139,"column":2},"end":{"line":139,"column":null}},"type":"if","locations":[{"start":{"line":139,"column":2},"end":{"line":139,"column":null}},{"start":{},"end":{}}],"line":139},"17":{"loc":{"start":{"line":141,"column":2},"end":{"line":141,"column":null}},"type":"if","locations":[{"start":{"line":141,"column":2},"end":{"line":141,"column":null}},{"start":{},"end":{}}],"line":141},"18":{"loc":{"start":{"line":144,"column":4},"end":{"line":146,"column":null}},"type":"cond-expr","locations":[{"start":{"line":145,"column":8},"end":{"line":145,"column":null}},{"start":{"line":146,"column":8},"end":{"line":146,"column":null}}],"line":144},"19":{"loc":{"start":{"line":144,"column":4},"end":{"line":144,"column":null}},"type":"binary-expr","locations":[{"start":{"line":144,"column":4},"end":{"line":144,"column":30}},{"start":{"line":144,"column":30},"end":{"line":144,"column":56}},{"start":{"line":144,"column":56},"end":{"line":144,"column":null}}],"line":144}},"s":{"0":1,"1":1,"2":1,"3":295,"4":0,"5":295,"6":37,"7":16,"8":21,"9":5,"10":16,"11":44,"12":44,"13":8,"14":36,"15":2,"16":34,"17":44,"18":44,"19":8,"20":36,"21":2,"22":34,"23":34,"24":1,"25":33,"26":44,"27":44,"28":44,"29":5,"30":39,"31":39,"32":2,"33":37,"34":37,"35":1,"36":36,"37":36,"38":44,"39":44,"40":44,"41":44,"42":20,"43":20,"44":20,"45":20},"f":{"0":295,"1":37,"2":44,"3":44,"4":44,"5":44,"6":44,"7":20},"b":{"0":[0,295],"1":[7,288],"2":[28,260],"3":[16,21],"4":[5,16],"5":[8,36],"6":[44,40],"7":[2,34],"8":[8,36],"9":[44,40],"10":[2,34],"11":[1,33],"12":[3,30],"13":[33,32,31],"14":[5,39],"15":[44,40],"16":[2,37],"17":[1,36],"18":[8,28],"19":[36,34,30]},"meta":{"lastBranch":20,"lastFunction":8,"lastStatement":46,"seen":{"s:22:33:27:Infinity":0,"s:33:30:38:Infinity":1,"s:44:34:44:Infinity":2,"f:86:9:86:17":0,"b:87:2:87:Infinity:undefined:undefined:undefined:undefined":0,"s:87:2:87:Infinity":3,"s:87:27:87:Infinity":4,"s:88:2:88:Infinity":5,"b:88:17:88:21:88:21:88:Infinity":1,"b:88:29:88:33:88:33:88:Infinity":2,"f:95:16:95:28":1,"b:96:2:96:Infinity:undefined:undefined:undefined:undefined":3,"s:96:2:96:Infinity":6,"s:96:37:96:Infinity":7,"b:97:2:97:Infinity:undefined:undefined:undefined:undefined":4,"s:97:2:97:Infinity":8,"s:97:37:97:Infinity":9,"s:98:2:98:Infinity":10,"f:105:9:105:23":2,"s:106:45:106:Infinity":11,"b:107:2:107:Infinity:undefined:undefined:undefined:undefined":5,"s:107:2:107:Infinity":12,"b:107:6:107:32:107:32:107:56":6,"s:107:56:107:Infinity":13,"b:108:2:108:Infinity:undefined:undefined:undefined:undefined":7,"s:108:2:108:Infinity":14,"s:108:27:108:Infinity":15,"s:109:2:109:Infinity":16,"f:117:9:117:21":3,"s:118:71:118:Infinity":17,"b:119:2:119:Infinity:undefined:undefined:undefined:undefined":8,"s:119:2:119:Infinity":18,"b:119:6:119:29:119:29:119:50":9,"s:119:50:119:Infinity":19,"b:120:2:120:Infinity:undefined:undefined:undefined:undefined":10,"s:120:2:120:Infinity":20,"s:120:24:120:Infinity":21,"s:121:21:121:Infinity":22,"b:122:2:122:Infinity:undefined:undefined:undefined:undefined":11,"s:122:2:122:Infinity":23,"s:122:24:122:Infinity":24,"s:124:4:126:Infinity":25,"b:125:8:125:Infinity:126:8:126:Infinity":12,"b:124:4:124:30:124:30:124:56:124:56:124:Infinity":13,"s:127:2:127:Infinity":26,"f:135:9:135:19":4,"s:136:74:136:Infinity":27,"b:137:2:137:Infinity:undefined:undefined:undefined:undefined":14,"s:137:2:137:Infinity":28,"b:137:6:137:29:137:29:137:48":15,"s:137:48:137:Infinity":29,"s:138:15:138:Infinity":30,"b:139:2:139:Infinity:undefined:undefined:undefined:undefined":16,"s:139:2:139:Infinity":31,"s:139:17:139:Infinity":32,"s:140:18:140:Infinity":33,"b:141:2:141:Infinity:undefined:undefined:undefined:undefined":17,"s:141:2:141:Infinity":34,"s:141:20:141:Infinity":35,"s:142:20:142:Infinity":36,"s:144:4:146:Infinity":37,"b:145:8:145:Infinity:146:8:146:Infinity":18,"b:144:4:144:30:144:30:144:56:144:56:144:Infinity":19,"s:147:2:147:Infinity":38,"f:151:9:151:22":5,"s:152:12:152:Infinity":39,"s:153:2:153:Infinity":40,"f:157:16:157:39":6,"s:158:2:163:Infinity":41,"f:177:16:177:30":7,"s:178:12:178:Infinity":42,"s:180:4:183:Infinity":43,"s:184:16:184:Infinity":44,"s:186:2:186:Infinity":45},"fnNames":{}}}
}
